<?xml version="1.0" encoding="UTF-8"?>
<!-- Generated by org.testng.reporters.JUnitXMLReporter -->
<testsuite ignored="0" hostname="Ashu" failures="2" tests="5" name="Test" time="24.444" errors="0" timestamp="2025-01-27T14:10:56 IST">
  <testcase classname="com.testCases.AutomationBlogSpot" name="firstTestCase" time="8.126"/>
  <testcase classname="com.testCases.PaginationTests" name="checkProduct" time="12.764"/>
  <testcase classname="com.testCases.AutomationBlogSpot" name="firstTestCase" time="6.289"/>
  <testcase classname="com.testCases.PaginationTests" name="getPriceofProduct" time="5.433">
    <failure type="java.lang.AssertionError" message="expected [$2.994] but found [$2.99]">
      <![CDATA[java.lang.AssertionError: expected [$2.994] but found [$2.99]
at com.testCases.PaginationTests.getPriceofProduct(PaginationTests.java:20)
at java.base/java.util.concurrent.Executors$RunnableAdapter.call(Executors.java:539)
at java.base/java.util.concurrent.FutureTask.run(FutureTask.java:264)
at java.base/java.util.concurrent.ThreadPoolExecutor.runWorker(ThreadPoolExecutor.java:1136)
at java.base/java.util.concurrent.ThreadPoolExecutor$Worker.run(ThreadPoolExecutor.java:635)
at java.base/java.lang.Thread.run(Thread.java:840)
... Removed 19 stack frames]]>
    </failure>
  </testcase> <!-- getPriceofProduct -->
  <testcase classname="com.testCases.PaginationTests" name="shadowDom" time="5.278">
    <failure type="java.lang.ClassCastException" message="class org.openqa.selenium.remote.ShadowRoot cannot be cast to class org.openqa.selenium.WebElement (org.openqa.selenium.remote.ShadowRoot and org.openqa.selenium.WebElement are in unnamed module of loader &amp;apos;app&amp;apos;)">
      <![CDATA[java.lang.ClassCastException: class org.openqa.selenium.remote.ShadowRoot cannot be cast to class org.openqa.selenium.WebElement (org.openqa.selenium.remote.ShadowRoot and org.openqa.selenium.WebElement are in unnamed module of loader 'app')
at utility.utils.getElementusindJavaScript(utils.java:25)
at pageclasses.FirstPage.workWithShadowDom(FirstPage.java:102)
at com.testCases.PaginationTests.shadowDom(PaginationTests.java:35)
at java.base/java.util.concurrent.Executors$RunnableAdapter.call(Executors.java:539)
at java.base/java.util.concurrent.FutureTask.run(FutureTask.java:264)
at java.base/java.util.concurrent.ThreadPoolExecutor.runWorker(ThreadPoolExecutor.java:1136)
at java.base/java.util.concurrent.ThreadPoolExecutor$Worker.run(ThreadPoolExecutor.java:635)
at java.base/java.lang.Thread.run(Thread.java:840)
... Removed 13 stack frames]]>
    </failure>
  </testcase> <!-- shadowDom -->
</testsuite> <!-- Test -->
